<?xml version="1.0" encoding="UTF-8"?>
<!-- Generated by org.testng.reporters.JUnitXMLReporter -->
<testsuite ignored="0" hostname="LAPTOP-SSDS6GEK" failures="2" tests="3" name="Test" time="17.739" errors="0" timestamp="2023-10-31T16:50:45 EDT">
  <testcase classname="Testcase.DataDrivenTestCase" name="loginDDTestcase" time="2.624"/>
  <testcase classname="Testcase.DataDrivenTestCase" name="loginDDTestcase" time="1.382">
    <failure type="java.lang.AssertionError" message="expected [true] but found [false]">
      <![CDATA[java.lang.AssertionError: expected [true] but found [false]
at Testcase.DataDrivenTestCase.loginDDTestcase(DataDrivenTestCase.java:30)
at java.base/java.util.ArrayList.forEach(ArrayList.java:1541)
... Removed 31 stack frames]]>
    </failure>
  </testcase> <!-- loginDDTestcase -->
  <testcase classname="Testcase.DataDrivenTestCase" name="loginDDTestcase" time="1.572">
    <failure type="java.lang.AssertionError" message="expected [true] but found [false]">
      <![CDATA[java.lang.AssertionError: expected [true] but found [false]
at Testcase.DataDrivenTestCase.loginDDTestcase(DataDrivenTestCase.java:30)
at java.base/java.util.ArrayList.forEach(ArrayList.java:1541)
... Removed 31 stack frames]]>
    </failure>
  </testcase> <!-- loginDDTestcase -->
</testsuite> <!-- Test -->
